Using pre-set license
Built from '2022.1/staging' branch; Version is '2022.1.0b8 (cca363eec1bc) revision 13411171'; Using compiler version '192829333'; Build Type 'Release'
OS: 'Windows 10  (10.0.18363) 64bit Enterprise' Language: 'en' Physical Memory: 65244 MB
BatchMode: 1, IsHumanControllingUs: 0, StartBugReporterOnCrash: 0, Is64bit: 1, IsPro: 0

COMMAND LINE ARGUMENTS:
C:\Program Files\Unity\Hub\Editor\2022.1.0b8\Editor\Unity.exe
-adb2
-batchMode
-noUpm
-name
AssetImportWorker0
-projectPath
C:/Users/vita.skruibyte/Desktop/Side Projects&Goals/Fire-Concept
-logFile
Logs/AssetImportWorker0.log
-srvPort
61063
Successfully changed project path to: C:/Users/vita.skruibyte/Desktop/Side Projects&Goals/Fire-Concept
C:/Users/vita.skruibyte/Desktop/Side Projects&Goals/Fire-Concept
[UnityMemory] Configuration Parameters - Can be set up in boot.config
    "memorysetup-bucket-allocator-granularity=16"
    "memorysetup-bucket-allocator-bucket-count=8"
    "memorysetup-bucket-allocator-block-size=33554432"
    "memorysetup-bucket-allocator-block-count=8"
    "memorysetup-main-allocator-block-size=16777216"
    "memorysetup-thread-allocator-block-size=16777216"
    "memorysetup-gfx-main-allocator-block-size=16777216"
    "memorysetup-gfx-thread-allocator-block-size=16777216"
    "memorysetup-cache-allocator-block-size=4194304"
    "memorysetup-typetree-allocator-block-size=2097152"
    "memorysetup-profiler-bucket-allocator-granularity=16"
    "memorysetup-profiler-bucket-allocator-bucket-count=8"
    "memorysetup-profiler-bucket-allocator-block-size=33554432"
    "memorysetup-profiler-bucket-allocator-block-count=8"
    "memorysetup-profiler-allocator-block-size=16777216"
    "memorysetup-profiler-editor-allocator-block-size=1048576"
    "memorysetup-temp-allocator-size-main=16777216"
    "memorysetup-job-temp-allocator-block-size=2097152"
    "memorysetup-job-temp-allocator-block-size-background=1048576"
    "memorysetup-job-temp-allocator-reduction-small-platforms=262144"
    "memorysetup-temp-allocator-size-background-worker=32768"
    "memorysetup-temp-allocator-size-job-worker=262144"
    "memorysetup-temp-allocator-size-preload-manager=33554432"
    "memorysetup-temp-allocator-size-nav-mesh-worker=65536"
    "memorysetup-temp-allocator-size-audio-worker=65536"
    "memorysetup-temp-allocator-size-cloud-worker=32768"
    "memorysetup-temp-allocator-size-gi-baking-worker=262144"
    "memorysetup-temp-allocator-size-gfx=262144"
Refreshing native plugins compatible for Editor in 140.07 ms, found 5 plugins.
Preloading 0 native plugins for Editor in 0.00 ms.
Initialize engine version: 2022.1.0b8 (cca363eec1bc)
[Subsystems] Discovering subsystems at path C:/Program Files/Unity/Hub/Editor/2022.1.0b8/Editor/Data/Resources/UnitySubsystems
[Subsystems] Discovering subsystems at path C:/Users/vita.skruibyte/Desktop/Side Projects&Goals/Fire-Concept/Assets
GfxDevice: creating device client; threaded=0; jobified=0
Direct3D:
    Version:  Direct3D 11.0 [level 11.1]
    Renderer: NVIDIA GeForce RTX 2070 SUPER (ID=0x1e84)
    Vendor:   NVIDIA
    VRAM:     8011 MB
    Driver:   30.0.14.7141
Initialize mono
Mono path[0] = 'C:/Program Files/Unity/Hub/Editor/2022.1.0b8/Editor/Data/Managed'
Mono path[1] = 'C:/Program Files/Unity/Hub/Editor/2022.1.0b8/Editor/Data/MonoBleedingEdge/lib/mono/unityjit-win32'
Mono config path = 'C:/Program Files/Unity/Hub/Editor/2022.1.0b8/Editor/Data/MonoBleedingEdge/etc'
Using monoOptions --debugger-agent=transport=dt_socket,embedding=1,server=y,suspend=n,address=127.0.0.1:56408
Begin MonoManager ReloadAssembly
Registering precompiled unity dll's ...
Register platform support module: C:/Program Files/Unity/Hub/Editor/2022.1.0b8/Editor/Data/PlaybackEngines/WindowsStandaloneSupport/UnityEditor.WindowsStandalone.Extensions.dll
Registered in 0.003224 seconds.
Native extension for WindowsStandalone target not found
Refreshing native plugins compatible for Editor in 142.31 ms, found 5 plugins.
Preloading 0 native plugins for Editor in 0.00 ms.
Mono: successfully reloaded assembly
- Completed reload, in  0.673 seconds
Domain Reload Profiling:
	ReloadAssembly (674ms)
		BeginReloadAssembly (61ms)
			ExecutionOrderSort (0ms)
			DisableScriptedObjects (0ms)
			BackupInstance (0ms)
			ReleaseScriptingObjects (0ms)
			CreateAndSetChildDomain (1ms)
		EndReloadAssembly (517ms)
			LoadAssemblies (60ms)
			RebuildTransferFunctionScriptingTraits (0ms)
			SetupTypeCache (111ms)
				TypeCache.Initialize (110ms)
					TypeCache.ScanAssembly (109ms)
				ResolveRequiredComponents (0ms)
			ReleaseScriptCaches (0ms)
			RebuildScriptCaches (34ms)
			SetupLoadedEditorAssemblies (324ms)
				LogAssemblyErrors (0ms)
				InitializePlatformSupportModulesInManaged (6ms)
				SetLoadedEditorAssemblies (7ms)
				RefreshPlugins (142ms)
				BeforeProcessingInitializeOnLoad (1ms)
				ProcessInitializeOnLoadAttributes (120ms)
				ProcessInitializeOnLoadMethodAttributes (48ms)
				AfterProcessingInitializeOnLoad (0ms)
				EditorAssembliesLoaded (0ms)
			ExecutionOrderSort2 (0ms)
			AwakeInstancesAfterBackupRestoration (0ms)
Platform modules already initialized, skipping
Registering precompiled user dll's ...
Registered in 0.004939 seconds.
Begin MonoManager ReloadAssembly
Symbol file LoadedFromMemory doesn't match image C:\Users\vita.skruibyte\Desktop\Side Projects&Goals\Fire-Concept\Library\PackageCache\com.unity.visualscripting@1.7.6\Editor\VisualScripting.Core\Dependencies\YamlDotNet\Unity.VisualScripting.YamlDotNet.dll
Symbol file LoadedFromMemory doesn't match image C:\Users\vita.skruibyte\Desktop\Side Projects&Goals\Fire-Concept\Library\PackageCache\com.unity.visualscripting@1.7.6\Editor\VisualScripting.Core\Dependencies\DotNetZip\Unity.VisualScripting.IonicZip.dll
Native extension for WindowsStandalone target not found
Refreshing native plugins compatible for Editor in 135.82 ms, found 5 plugins.
Preloading 0 native plugins for Editor in 0.00 ms.
Mono: successfully reloaded assembly
- Completed reload, in  1.923 seconds
Domain Reload Profiling:
	ReloadAssembly (1924ms)
		BeginReloadAssembly (123ms)
			ExecutionOrderSort (0ms)
			DisableScriptedObjects (5ms)
			BackupInstance (0ms)
			ReleaseScriptingObjects (0ms)
			CreateAndSetChildDomain (39ms)
		EndReloadAssembly (1694ms)
			LoadAssemblies (79ms)
			RebuildTransferFunctionScriptingTraits (0ms)
			SetupTypeCache (293ms)
				TypeCache.Initialize (281ms)
					TypeCache.ScanAssembly (275ms)
				ResolveRequiredComponents (12ms)
			ReleaseScriptCaches (1ms)
			RebuildScriptCaches (89ms)
			SetupLoadedEditorAssemblies (1187ms)
				LogAssemblyErrors (0ms)
				InitializePlatformSupportModulesInManaged (3ms)
				SetLoadedEditorAssemblies (6ms)
				RefreshPlugins (136ms)
				BeforeProcessingInitializeOnLoad (113ms)
				ProcessInitializeOnLoadAttributes (886ms)
				ProcessInitializeOnLoadMethodAttributes (38ms)
				AfterProcessingInitializeOnLoad (5ms)
				EditorAssembliesLoaded (0ms)
			ExecutionOrderSort2 (0ms)
			AwakeInstancesAfterBackupRestoration (5ms)
Platform modules already initialized, skipping
========================================================================
Worker process is ready to serve import requests
Launched and connected shader compiler UnityShaderCompiler.exe after 0.11 seconds
Refreshing native plugins compatible for Editor in 2.64 ms, found 5 plugins.
Preloading 0 native plugins for Editor in 0.00 ms.
Unloading 7054 Unused Serialized files (Serialized files now loaded: 0)
Unloading 67 unused Assets / (3.6 MB). Loaded Objects now: 7511.
Memory consumption went from 1.12 GB to 1.12 GB.
Total: 9.097000 ms (FindLiveObjects: 1.071300 ms CreateObjectMapping: 1.299100 ms MarkObjects: 5.657400 ms  DeleteObjects: 1.067800 ms)

AssetImportParameters requested are different than current active one (requested -> active):
  custom:video-decoder-ogg-theora: a1e56fd34408186e4bbccfd4996cb3dc -> 
  custom:container-muxer-webm: aa71ff27fc2769a1b78a27578f13a17b -> 
  custom:container-demuxer-webm: 4f35f7cbe854078d1ac9338744f61a02 -> 
  custom:video-encoder-webm-vp8: eb34c28f22e8b96e1ab97ce403110664 -> 
  custom:audio-encoder-webm-vorbis: bf7c407c2cedff20999df2af8eb42d56 -> 
  custom:framework-win-MediaFoundation: 216162199b28c13a410421893ffa2e32 -> 
  custom:container-demuxer-ogg: 62fdf1f143b41e24485cea50d1cbac27 -> 
  custom:video-decoder-webm-vp8: 9c59270c3fd7afecdb556c50c9e8de78 -> 
  custom:audio-decoder-ogg-vorbis: bf7c407c2cedff20999df2af8eb42d56 -> 
========================================================================
Received Import Request.
  Time since last request: 183835.395544 seconds.
  path: Assets/Campfire/Campfire-Concept - V7.fbx
  artifactKey: Guid(459f99ea37108a040acd0169f64a5ef4) Importer(815301076,1909f56bfc062723c751e8b465ee728b)
Start importing Assets/Campfire/Campfire-Concept - V7.fbx using Guid(459f99ea37108a040acd0169f64a5ef4) Importer(815301076,1909f56bfc062723c751e8b465ee728b)  -> (artifact id: 'c9e0ae69911ecda0778566281eaf8556') in 2.777145 seconds 
========================================================================
Received Import Request.
  Time since last request: 0.000052 seconds.
  path: Assets/Campfire/Campfire.unity
  artifactKey: Guid(88ba4a7528869404f92332e524cc162c) Importer(815301076,1909f56bfc062723c751e8b465ee728b)
Start importing Assets/Campfire/Campfire.unity using Guid(88ba4a7528869404f92332e524cc162c) Importer(815301076,1909f56bfc062723c751e8b465ee728b)  -> (artifact id: '4e880ee6433bec59b3d27357397b5fcc') in 0.009036 seconds 
========================================================================
Received Import Request.
  Time since last request: 142.105794 seconds.
  path: Assets/Campfire/Fire/Fire.vfx
  artifactKey: Guid(51b82088d7b05814a99bebad1fe04cff) Importer(815301076,1909f56bfc062723c751e8b465ee728b)
Start importing Assets/Campfire/Fire/Fire.vfx using Guid(51b82088d7b05814a99bebad1fe04cff) Importer(815301076,1909f56bfc062723c751e8b465ee728b)  -> (artifact id: '02301793ba132c5997370e391c3bbad3') in 5.684549 seconds 
========================================================================
Received Import Request.
  Time since last request: 0.000051 seconds.
  path: Assets/Campfire/Textures4K/Bottle-green.mat
  artifactKey: Guid(86d95fad851ed054183ca4b3a242c5bc) Importer(815301076,1909f56bfc062723c751e8b465ee728b)
Start importing Assets/Campfire/Textures4K/Bottle-green.mat using Guid(86d95fad851ed054183ca4b3a242c5bc) Importer(815301076,1909f56bfc062723c751e8b465ee728b)  -> (artifact id: 'bb010bdbb1ff6517e3db051a8fa06636') in 0.342591 seconds 
========================================================================
Received Import Request.
  Time since last request: 0.000041 seconds.
  path: Assets/Campfire/Textures4K/BlueBarrel.mat
  artifactKey: Guid(a39acee930b5c564e8466bcc6de30b4d) Importer(815301076,1909f56bfc062723c751e8b465ee728b)
Start importing Assets/Campfire/Textures4K/BlueBarrel.mat using Guid(a39acee930b5c564e8466bcc6de30b4d) Importer(815301076,1909f56bfc062723c751e8b465ee728b)  -> (artifact id: 'b742e828f1519725e962b23e8f6c28f7') in 0.533505 seconds 
========================================================================
Received Import Request.
  Time since last request: 0.000039 seconds.
  path: Assets/Campfire/Textures4K/Ground.mat
  artifactKey: Guid(16268598fad46b74b8550f3a215a81ce) Importer(815301076,1909f56bfc062723c751e8b465ee728b)
Start importing Assets/Campfire/Textures4K/Ground.mat using Guid(16268598fad46b74b8550f3a215a81ce) Importer(815301076,1909f56bfc062723c751e8b465ee728b)  -> (artifact id: 'baeca7693a70810810a691772a5335f4') in 0.033562 seconds 
========================================================================
Received Import Request.
  Time since last request: 0.000051 seconds.
  path: Assets/Campfire/Textures4K/FireBarrel.mat
  artifactKey: Guid(3ce416e0b0cd0e145a19b3d01957813e) Importer(815301076,1909f56bfc062723c751e8b465ee728b)
Start importing Assets/Campfire/Textures4K/FireBarrel.mat using Guid(3ce416e0b0cd0e145a19b3d01957813e) Importer(815301076,1909f56bfc062723c751e8b465ee728b)  -> (artifact id: '4b481f8e7f8efa6f35d42c73a6c35f30') in 0.030285 seconds 
========================================================================
Received Import Request.
  Time since last request: 0.000036 seconds.
  path: Assets/Campfire/Textures4K/Pan.mat
  artifactKey: Guid(d8af21b4b9a7db5498eddd75e5fc6d94) Importer(815301076,1909f56bfc062723c751e8b465ee728b)
Start importing Assets/Campfire/Textures4K/Pan.mat using Guid(d8af21b4b9a7db5498eddd75e5fc6d94) Importer(815301076,1909f56bfc062723c751e8b465ee728b)  -> (artifact id: 'f1ce9f255b4b842b2674fbf4c0c84ab2') in 0.035565 seconds 
========================================================================
Received Import Request.
  Time since last request: 0.000046 seconds.
  path: Assets/Campfire/Textures4K/BlackBottle.mat
  artifactKey: Guid(73fc632f85304404c81c0ba27c44f288) Importer(815301076,1909f56bfc062723c751e8b465ee728b)
Start importing Assets/Campfire/Textures4K/BlackBottle.mat using Guid(73fc632f85304404c81c0ba27c44f288) Importer(815301076,1909f56bfc062723c751e8b465ee728b)  -> (artifact id: '4e7c074bd736a3fb7450b043d1e422a7') in 0.382898 seconds 
========================================================================
Received Import Request.
  Time since last request: 0.000038 seconds.
  path: Assets/Campfire/Textures4K/LeftTvora.mat
  artifactKey: Guid(12094d18d05ee304f8ba172baf7bc6f1) Importer(815301076,1909f56bfc062723c751e8b465ee728b)
Start importing Assets/Campfire/Textures4K/LeftTvora.mat using Guid(12094d18d05ee304f8ba172baf7bc6f1) Importer(815301076,1909f56bfc062723c751e8b465ee728b)  -> (artifact id: 'f79af6a09d7c69cb8078d04fa3f46272') in 0.041152 seconds 
========================================================================
Received Import Request.
  Time since last request: 0.000071 seconds.
  path: Assets/Campfire/Textures4K/Bottle.mat
  artifactKey: Guid(0c423f51b0209c34ab5338eb0d18a4f0) Importer(815301076,1909f56bfc062723c751e8b465ee728b)
Start importing Assets/Campfire/Textures4K/Bottle.mat using Guid(0c423f51b0209c34ab5338eb0d18a4f0) Importer(815301076,1909f56bfc062723c751e8b465ee728b)  -> (artifact id: 'fe3bed5134e776f39c68d1149527fdca') in 0.036716 seconds 
========================================================================
Received Import Request.
  Time since last request: 0.000060 seconds.
  path: Assets/Campfire/Textures4K/PanHandle.mat
  artifactKey: Guid(9032732af7279ab42a5d613c11f9300e) Importer(815301076,1909f56bfc062723c751e8b465ee728b)
Start importing Assets/Campfire/Textures4K/PanHandle.mat using Guid(9032732af7279ab42a5d613c11f9300e) Importer(815301076,1909f56bfc062723c751e8b465ee728b)  -> (artifact id: 'd21545243abb7197e451669f14054dac') in 0.024474 seconds 
========================================================================
Received Import Request.
  Time since last request: 0.000035 seconds.
  path: Assets/Campfire/Textures4K/Sticks.mat
  artifactKey: Guid(c77d910018e35dc469ab31ba66cba017) Importer(815301076,1909f56bfc062723c751e8b465ee728b)
Start importing Assets/Campfire/Textures4K/Sticks.mat using Guid(c77d910018e35dc469ab31ba66cba017) Importer(815301076,1909f56bfc062723c751e8b465ee728b)  -> (artifact id: '7f025600b8a7bdf9fe578b63d651e121') in 0.025279 seconds 
========================================================================
Received Import Request.
  Time since last request: 0.000037 seconds.
  path: Assets/Campfire/Textures4K/Tvora.mat
  artifactKey: Guid(1be8f399333b0ab4eb788cca4beb61f8) Importer(815301076,1909f56bfc062723c751e8b465ee728b)
Start importing Assets/Campfire/Textures4K/Tvora.mat using Guid(1be8f399333b0ab4eb788cca4beb61f8) Importer(815301076,1909f56bfc062723c751e8b465ee728b)  -> (artifact id: '5526c504058c6eafe459e86ce231da6b') in 0.034987 seconds 
========================================================================
Received Import Request.
  Time since last request: 0.000036 seconds.
  path: Assets/Campfire/Textures4K/New Material.mat
  artifactKey: Guid(7954a820d6ad8c941b90a0b7192ff4f4) Importer(815301076,1909f56bfc062723c751e8b465ee728b)
Start importing Assets/Campfire/Textures4K/New Material.mat using Guid(7954a820d6ad8c941b90a0b7192ff4f4) Importer(815301076,1909f56bfc062723c751e8b465ee728b)  -> (artifact id: 'b0d58ffef918fb1eafe78624e7bd5818') in 0.036423 seconds 
========================================================================
Received Import Request.
  Time since last request: 0.000037 seconds.
  path: Assets/Campfire/Textures4K/Box.mat
  artifactKey: Guid(044aba1e7b03f60428c9e58b3d1b6008) Importer(815301076,1909f56bfc062723c751e8b465ee728b)
Start importing Assets/Campfire/Textures4K/Box.mat using Guid(044aba1e7b03f60428c9e58b3d1b6008) Importer(815301076,1909f56bfc062723c751e8b465ee728b)  -> (artifact id: '819b6548683f30fe44d876c779fb3957') in 0.029688 seconds 
========================================================================
Received Import Request.
  Time since last request: 0.000043 seconds.
  path: Assets/Campfire/Textures4K/BottleCap.mat
  artifactKey: Guid(2ebf010f21471cd47b81a4fc311bfe6e) Importer(815301076,1909f56bfc062723c751e8b465ee728b)
Start importing Assets/Campfire/Textures4K/BottleCap.mat using Guid(2ebf010f21471cd47b81a4fc311bfe6e) Importer(815301076,1909f56bfc062723c751e8b465ee728b)  -> (artifact id: '883801484d6d9b952d748c9af01f9fbf') in 0.028908 seconds 
========================================================================
Received Import Request.
  Time since last request: 0.000037 seconds.
  path: Assets/Campfire/Textures4K/Charcoal.mat
  artifactKey: Guid(f60c9d423c09c1b4e916fe834dbc9f2c) Importer(815301076,1909f56bfc062723c751e8b465ee728b)
Start importing Assets/Campfire/Textures4K/Charcoal.mat using Guid(f60c9d423c09c1b4e916fe834dbc9f2c) Importer(815301076,1909f56bfc062723c751e8b465ee728b)  -> (artifact id: '8ffb1bd074d1145f6b35afe208eb9ce6') in 0.030643 seconds 
========================================================================
Received Import Request.
  Time since last request: 0.000036 seconds.
  path: Assets/Campfire/Textures4K/RightTvoraHandle.mat
  artifactKey: Guid(a10598b8a63ba874aa327d19b47c8ed2) Importer(815301076,1909f56bfc062723c751e8b465ee728b)
Start importing Assets/Campfire/Textures4K/RightTvoraHandle.mat using Guid(a10598b8a63ba874aa327d19b47c8ed2) Importer(815301076,1909f56bfc062723c751e8b465ee728b)  -> (artifact id: '35d1204521476e774861dceb7daa1416') in 0.027761 seconds 
========================================================================
Received Prepare
Refreshing native plugins compatible for Editor in 5.83 ms, found 5 plugins.
Preloading 0 native plugins for Editor in 0.00 ms.
Unloading 47 Unused Serialized files (Serialized files now loaded: 0)
Unloading 46 unused Assets / (3.5 MB). Loaded Objects now: 10668.
Memory consumption went from 214.7 MB to 211.2 MB.
Total: 21.979500 ms (FindLiveObjects: 1.597600 ms CreateObjectMapping: 0.821400 ms MarkObjects: 18.840800 ms  DeleteObjects: 0.717100 ms)

AssetImportParameters requested are different than current active one (requested -> active):
  custom:video-decoder-ogg-theora: a1e56fd34408186e4bbccfd4996cb3dc -> 
  custom:container-muxer-webm: aa71ff27fc2769a1b78a27578f13a17b -> 
  custom:container-demuxer-webm: 4f35f7cbe854078d1ac9338744f61a02 -> 
  custom:video-encoder-webm-vp8: eb34c28f22e8b96e1ab97ce403110664 -> 
  custom:audio-encoder-webm-vorbis: bf7c407c2cedff20999df2af8eb42d56 -> 
  custom:framework-win-MediaFoundation: 216162199b28c13a410421893ffa2e32 -> 
  custom:container-demuxer-ogg: 62fdf1f143b41e24485cea50d1cbac27 -> 
  custom:video-decoder-webm-vp8: 9c59270c3fd7afecdb556c50c9e8de78 -> 
  custom:audio-decoder-ogg-vorbis: bf7c407c2cedff20999df2af8eb42d56 -> 
========================================================================
Received Prepare
Refreshing native plugins compatible for Editor in 5.62 ms, found 5 plugins.
Preloading 0 native plugins for Editor in 0.00 ms.
Unloading 46 Unused Serialized files (Serialized files now loaded: 0)
Unloading 46 unused Assets / (3.5 MB). Loaded Objects now: 10668.
Memory consumption went from 214.4 MB to 210.9 MB.
Total: 16.798800 ms (FindLiveObjects: 1.239500 ms CreateObjectMapping: 0.693400 ms MarkObjects: 13.623400 ms  DeleteObjects: 1.240900 ms)

AssetImportParameters requested are different than current active one (requested -> active):
  custom:video-decoder-ogg-theora: a1e56fd34408186e4bbccfd4996cb3dc -> 
  custom:container-muxer-webm: aa71ff27fc2769a1b78a27578f13a17b -> 
  custom:container-demuxer-webm: 4f35f7cbe854078d1ac9338744f61a02 -> 
  custom:video-encoder-webm-vp8: eb34c28f22e8b96e1ab97ce403110664 -> 
  custom:audio-encoder-webm-vorbis: bf7c407c2cedff20999df2af8eb42d56 -> 
  custom:framework-win-MediaFoundation: 216162199b28c13a410421893ffa2e32 -> 
  custom:container-demuxer-ogg: 62fdf1f143b41e24485cea50d1cbac27 -> 
  custom:video-decoder-webm-vp8: 9c59270c3fd7afecdb556c50c9e8de78 -> 
  custom:audio-decoder-ogg-vorbis: bf7c407c2cedff20999df2af8eb42d56 -> 
